<?xml version="1.0" encoding="UTF-8"?>
<!-- Generated by org.testng.reporters.JUnitXMLReporter -->
<testsuite hostname="MiqueiasVieira" name="Default test" tests="7" failures="0" timestamp="28 Jul 2012 01:59:14 GMT" time="0.094" errors="0">
  <testcase name="object_deve_ter_casting_de_String" time="0.015" classname="br.com.moonjava.flight.util.TesteDeParam"/>
  <testcase name="object_deve_ter_casting_de_boolean" time="0.0" classname="br.com.moonjava.flight.util.TesteDeParam"/>
  <testcase name="object_deve_ter_casting_de_date_time" time="0.063" classname="br.com.moonjava.flight.util.TesteDeParam"/>
  <testcase name="object_deve_ter_casting_de_double" time="0.0" classname="br.com.moonjava.flight.util.TesteDeParam"/>
  <testcase name="object_deve_ter_casting_de_integer" time="0.0" classname="br.com.moonjava.flight.util.TesteDeParam"/>
  <testcase name="object_deve_ter_casting_de_local_date" time="0.0" classname="br.com.moonjava.flight.util.TesteDeParam"/>
  <testcase name="object_deve_ter_casting_de_long" time="0.0" classname="br.com.moonjava.flight.util.TesteDeParam"/>
</testsuite> <!-- Default test -->
