<?xml version="1.0" encoding="UTF-8"?>
<testsuite hostname="MiqueiasVieira" name="br.com.moonjava.flight.action.TesteDeAtualizarVoo" tests="25" failures="0" timestamp="25 Jul 2012 22:55:56 GMT" time="1.252" errors="0">
  <testcase name="voo_deve_ser_atualizado" time="0.172" classname="br.com.moonjava.flight.action.TesteDeAtualizarVoo"/>
  <testcase name="buscar_por_todos_voos_disponiveis" time="0.031" classname="br.com.moonjava.flight.action.TesteDeConsultarVoo"/>
  <testcase name="consulta_por_codigo" time="0.016" classname="br.com.moonjava.flight.action.TesteDeConsultarVoo"/>
  <testcase name="filtro_por_destino" time="0.015" classname="br.com.moonjava.flight.action.TesteDeConsultarVoo"/>
  <testcase name="filtro_por_origem" time="0.016" classname="br.com.moonjava.flight.action.TesteDeConsultarVoo"/>
  <testcase name="filtro_por_status_e_data_de_chegada" time="0.015" classname="br.com.moonjava.flight.action.TesteDeConsultarVoo"/>
  <testcase name="filtro_por_status_e_data_de_partida" time="0.016" classname="br.com.moonjava.flight.action.TesteDeConsultarVoo"/>
  <testcase name="filtro_por_status_indisponivel" time="0.0" classname="br.com.moonjava.flight.action.TesteDeConsultarVoo"/>
  <testcase name="status_deve_ser_atualizado" time="0.032" classname="br.com.moonjava.flight.action.TesteDeControlarStatus"/>
  <testcase name="voo_deve_ser_criado" time="0.031" classname="br.com.moonjava.flight.action.TesteDeCriarVoo"/>
  <testcase name="voo_deve_ser_deletado_por_codigo" time="0.031" classname="br.com.moonjava.flight.action.TesteDeDeletarVoo"/>
  <testcase name="conexao_com_o_bd_deve_funcionar" time="0.0" classname="br.com.moonjava.flight.jdbc.TesteDeConexao"/>
  <testcase name="teste_de_insert_dbunit" time="0.062" classname="br.com.moonjava.flight.jdbc.TesteDeDbUnit"/>
  <testcase name="cpf_deve_ser_convertido_em_numero" time="0.0" classname="br.com.moonjava.flight.util.TesteDeCPF"/>
  <testcase name="cpf_deve_ser_valido" time="0.0" classname="br.com.moonjava.flight.util.TesteDeCPF"/>
  <testcase name="excecao_de_cpf_invalido_deve_ser_lancada_com_12_digitos" time="0.0" classname="br.com.moonjava.flight.util.TesteDeCPF"/>
  <testcase name="excecao_de_cpf_invalido_deve_ser_lancada_com_long" time="0.0" classname="br.com.moonjava.flight.util.TesteDeCPF"/>
  <testcase name="excecao_de_cpf_invalido_deve_ser_lancada_com_string" time="0.0" classname="br.com.moonjava.flight.util.TesteDeCPF"/>
  <testcase name="object_deve_ter_casting_de_String" time="0.0" classname="br.com.moonjava.flight.util.TesteDeParam"/>
  <testcase name="object_deve_ter_casting_de_boolean" time="0.0" classname="br.com.moonjava.flight.util.TesteDeParam"/>
  <testcase name="object_deve_ter_casting_de_date_time" time="0.0" classname="br.com.moonjava.flight.util.TesteDeParam"/>
  <testcase name="object_deve_ter_casting_de_double" time="0.0" classname="br.com.moonjava.flight.util.TesteDeParam"/>
  <testcase name="object_deve_ter_casting_de_integer" time="0.0" classname="br.com.moonjava.flight.util.TesteDeParam"/>
  <testcase name="object_deve_ter_casting_de_local_date" time="0.016" classname="br.com.moonjava.flight.util.TesteDeParam"/>
  <testcase name="object_deve_ter_casting_de_long" time="0.0" classname="br.com.moonjava.flight.util.TesteDeParam"/>
</testsuite>
