<?xml version="1.0" encoding="UTF-8"?>
<testsuite hostname="tiago-Compaq-Presario-CQ42-Notebook-PC" name="br.com.moonjava.flight.action.TesteDeAtualizarAeronave" tests="31" failures="0" timestamp="4 Aug 2012 04:50:56 GMT" time="3.132" errors="0">
  <testcase name="atualizar_aeronave" time="0.145" classname="br.com.moonjava.flight.action.TesteDeAtualizarAeronave"/>
  <testcase name="voo_deve_ser_atualizado" time="0.203" classname="br.com.moonjava.flight.action.TesteDeAtualizarVoo"/>
  <testcase name="consultar_por_filtro_nome" time="0.015" classname="br.com.moonjava.flight.action.TesteDeConsultarAeronave"/>
  <testcase name="consultar_todas_aeronaves" time="0.014" classname="br.com.moonjava.flight.action.TesteDeConsultarAeronave"/>
  <testcase name="buscar_por_todos_voos_disponiveis" time="0.015" classname="br.com.moonjava.flight.action.TesteDeConsultarVoo"/>
  <testcase name="consulta_por_id" time="0.014" classname="br.com.moonjava.flight.action.TesteDeConsultarVoo"/>
  <testcase name="consultar_por_aeronave" time="0.014" classname="br.com.moonjava.flight.action.TesteDeConsultarVoo"/>
  <testcase name="filtro_por_destino" time="0.016" classname="br.com.moonjava.flight.action.TesteDeConsultarVoo"/>
  <testcase name="filtro_por_origem" time="0.014" classname="br.com.moonjava.flight.action.TesteDeConsultarVoo"/>
  <testcase name="filtro_por_status_e_data_de_chegada" time="0.013" classname="br.com.moonjava.flight.action.TesteDeConsultarVoo"/>
  <testcase name="filtro_por_status_e_data_de_partida" time="0.026" classname="br.com.moonjava.flight.action.TesteDeConsultarVoo"/>
  <testcase name="filtro_por_status_indisponivel" time="0.029" classname="br.com.moonjava.flight.action.TesteDeConsultarVoo"/>
  <testcase name="status_deve_ser_atualizado" time="0.103" classname="br.com.moonjava.flight.action.TesteDeControlarStatus"/>
  <testcase name="criar_aeronave" time="0.074" classname="br.com.moonjava.flight.action.TesteDeCriarAeronave"/>
  <testcase name="voo_deve_ser_criado" time="0.152" classname="br.com.moonjava.flight.action.TesteDeCriarVoo"/>
  <testcase name="deletar" time="0.128" classname="br.com.moonjava.flight.action.TesteDeDeletarAeronave"/>
  <testcase name="voo_deve_ser_deletado_por_codigo" time="0.064" classname="br.com.moonjava.flight.action.TesteDeDeletarVoo"/>
  <testcase name="conexao_com_o_bd_deve_funcionar" time="0.008" classname="br.com.moonjava.flight.jdbc.TesteDeConexao"/>
  <testcase name="teste_de_insert_dbunit" time="0.096" classname="br.com.moonjava.flight.jdbc.TesteDeDbUnit"/>
  <testcase name="cpf_deve_ser_convertido_em_numero" time="0.006" classname="br.com.moonjava.flight.util.TesteDeCPF"/>
  <testcase name="cpf_deve_ser_valido" time="0.001" classname="br.com.moonjava.flight.util.TesteDeCPF"/>
  <testcase name="excecao_de_cpf_invalido_deve_ser_lancada_com_12_digitos" time="0.002" classname="br.com.moonjava.flight.util.TesteDeCPF"/>
  <testcase name="excecao_de_cpf_invalido_deve_ser_lancada_com_long" time="0.001" classname="br.com.moonjava.flight.util.TesteDeCPF"/>
  <testcase name="excecao_de_cpf_invalido_deve_ser_lancada_com_string" time="0.006" classname="br.com.moonjava.flight.util.TesteDeCPF"/>
  <testcase name="object_deve_ter_casting_de_String" time="0.001" classname="br.com.moonjava.flight.util.TesteDeParam"/>
  <testcase name="object_deve_ter_casting_de_boolean" time="0.001" classname="br.com.moonjava.flight.util.TesteDeParam"/>
  <testcase name="object_deve_ter_casting_de_date_time" time="0.0" classname="br.com.moonjava.flight.util.TesteDeParam"/>
  <testcase name="object_deve_ter_casting_de_double" time="0.0" classname="br.com.moonjava.flight.util.TesteDeParam"/>
  <testcase name="object_deve_ter_casting_de_integer" time="0.008" classname="br.com.moonjava.flight.util.TesteDeParam"/>
  <testcase name="object_deve_ter_casting_de_local_date" time="0.003" classname="br.com.moonjava.flight.util.TesteDeParam"/>
  <testcase name="object_deve_ter_casting_de_long" time="0.001" classname="br.com.moonjava.flight.util.TesteDeParam"/>
</testsuite>
