<?xml version="1.0" encoding="UTF-8" ?>
<testsuite failures="0" time="3.686" errors="0" skipped="0" tests="31" name="TestSuite">
  <properties>
[...]
</properties>
  <testcase time="0.144" classname="br.com.moonjava.flight.action.TesteDeAtualizarAeronave" name="atualizar_aeronave"/>
  <testcase time="0.202" classname="br.com.moonjava.flight.action.TesteDeAtualizarVoo" name="voo_deve_ser_atualizado"/>
  <testcase time="0.015" classname="br.com.moonjava.flight.action.TesteDeConsultarAeronave" name="consultar_por_filtro_nome"/>
  <testcase time="0.013" classname="br.com.moonjava.flight.action.TesteDeConsultarAeronave" name="consultar_todas_aeronaves"/>
  <testcase time="0.014" classname="br.com.moonjava.flight.action.TesteDeConsultarVoo" name="buscar_por_todos_voos_disponiveis"/>
  <testcase time="0.013" classname="br.com.moonjava.flight.action.TesteDeConsultarVoo" name="consulta_por_id"/>
  <testcase time="0.015" classname="br.com.moonjava.flight.action.TesteDeConsultarVoo" name="consultar_por_aeronave"/>
  <testcase time="0.017" classname="br.com.moonjava.flight.action.TesteDeConsultarVoo" name="filtro_por_destino"/>
  <testcase time="0.015" classname="br.com.moonjava.flight.action.TesteDeConsultarVoo" name="filtro_por_origem"/>
  <testcase time="0.014" classname="br.com.moonjava.flight.action.TesteDeConsultarVoo" name="filtro_por_status_e_data_de_chegada"/>
  <testcase time="0.027" classname="br.com.moonjava.flight.action.TesteDeConsultarVoo" name="filtro_por_status_e_data_de_partida"/>
  <testcase time="0.03" classname="br.com.moonjava.flight.action.TesteDeConsultarVoo" name="filtro_por_status_indisponivel"/>
  <testcase time="0.103" classname="br.com.moonjava.flight.action.TesteDeControlarStatus" name="status_deve_ser_atualizado"/>
  <testcase time="0.075" classname="br.com.moonjava.flight.action.TesteDeCriarAeronave" name="criar_aeronave"/>
  <testcase time="0.151" classname="br.com.moonjava.flight.action.TesteDeCriarVoo" name="voo_deve_ser_criado"/>
  <testcase time="0.128" classname="br.com.moonjava.flight.action.TesteDeDeletarAeronave" name="deletar"/>
  <testcase time="0.063" classname="br.com.moonjava.flight.action.TesteDeDeletarVoo" name="voo_deve_ser_deletado_por_codigo"/>
  <testcase time="0.008" classname="br.com.moonjava.flight.jdbc.TesteDeConexao" name="conexao_com_o_bd_deve_funcionar"/>
  <testcase time="0.096" classname="br.com.moonjava.flight.jdbc.TesteDeDbUnit" name="teste_de_insert_dbunit"/>
  <testcase time="0.006" classname="br.com.moonjava.flight.util.TesteDeCPF" name="cpf_deve_ser_convertido_em_numero"/>
  <testcase time="0" classname="br.com.moonjava.flight.util.TesteDeCPF" name="cpf_deve_ser_valido"/>
  <testcase time="0.002" classname="br.com.moonjava.flight.util.TesteDeCPF" name="excecao_de_cpf_invalido_deve_ser_lancada_com_12_digitos"/>
  <testcase time="0" classname="br.com.moonjava.flight.util.TesteDeCPF" name="excecao_de_cpf_invalido_deve_ser_lancada_com_long"/>
  <testcase time="0.005" classname="br.com.moonjava.flight.util.TesteDeCPF" name="excecao_de_cpf_invalido_deve_ser_lancada_com_string"/>
  <testcase time="0" classname="br.com.moonjava.flight.util.TesteDeParam" name="object_deve_ter_casting_de_String"/>
  <testcase time="0" classname="br.com.moonjava.flight.util.TesteDeParam" name="object_deve_ter_casting_de_boolean"/>
  <testcase time="0" classname="br.com.moonjava.flight.util.TesteDeParam" name="object_deve_ter_casting_de_date_time"/>
  <testcase time="0" classname="br.com.moonjava.flight.util.TesteDeParam" name="object_deve_ter_casting_de_double"/>
  <testcase time="0.007" classname="br.com.moonjava.flight.util.TesteDeParam" name="object_deve_ter_casting_de_integer"/>
  <testcase time="0.002" classname="br.com.moonjava.flight.util.TesteDeParam" name="object_deve_ter_casting_de_local_date"/>
  <testcase time="0" classname="br.com.moonjava.flight.util.TesteDeParam" name="object_deve_ter_casting_de_long"/>
</testsuite>