<?xml version="1.0" encoding="UTF-8" ?>
<testsuite failures="0" time="1.72" errors="0" skipped="0" tests="25" name="TestSuite">
  <properties>
[...]
</properties>
  <testcase time="0.172" classname="br.com.moonjava.flight.action.TesteDeAtualizarVoo" name="voo_deve_ser_atualizado"/>
  <testcase time="0.031" classname="br.com.moonjava.flight.action.TesteDeConsultarVoo" name="buscar_por_todos_voos_disponiveis"/>
  <testcase time="0.016" classname="br.com.moonjava.flight.action.TesteDeConsultarVoo" name="consulta_por_codigo"/>
  <testcase time="0.015" classname="br.com.moonjava.flight.action.TesteDeConsultarVoo" name="filtro_por_destino"/>
  <testcase time="0.016" classname="br.com.moonjava.flight.action.TesteDeConsultarVoo" name="filtro_por_origem"/>
  <testcase time="0.015" classname="br.com.moonjava.flight.action.TesteDeConsultarVoo" name="filtro_por_status_e_data_de_chegada"/>
  <testcase time="0.016" classname="br.com.moonjava.flight.action.TesteDeConsultarVoo" name="filtro_por_status_e_data_de_partida"/>
  <testcase time="0" classname="br.com.moonjava.flight.action.TesteDeConsultarVoo" name="filtro_por_status_indisponivel"/>
  <testcase time="0.032" classname="br.com.moonjava.flight.action.TesteDeControlarStatus" name="status_deve_ser_atualizado"/>
  <testcase time="0.031" classname="br.com.moonjava.flight.action.TesteDeCriarVoo" name="voo_deve_ser_criado"/>
  <testcase time="0.031" classname="br.com.moonjava.flight.action.TesteDeDeletarVoo" name="voo_deve_ser_deletado_por_codigo"/>
  <testcase time="0.016" classname="br.com.moonjava.flight.jdbc.TesteDeConexao" name="conexao_com_o_bd_deve_funcionar"/>
  <testcase time="0.062" classname="br.com.moonjava.flight.jdbc.TesteDeDbUnit" name="teste_de_insert_dbunit"/>
  <testcase time="0" classname="br.com.moonjava.flight.util.TesteDeCPF" name="cpf_deve_ser_convertido_em_numero"/>
  <testcase time="0" classname="br.com.moonjava.flight.util.TesteDeCPF" name="cpf_deve_ser_valido"/>
  <testcase time="0" classname="br.com.moonjava.flight.util.TesteDeCPF" name="excecao_de_cpf_invalido_deve_ser_lancada_com_12_digitos"/>
  <testcase time="0" classname="br.com.moonjava.flight.util.TesteDeCPF" name="excecao_de_cpf_invalido_deve_ser_lancada_com_long"/>
  <testcase time="0" classname="br.com.moonjava.flight.util.TesteDeCPF" name="excecao_de_cpf_invalido_deve_ser_lancada_com_string"/>
  <testcase time="0" classname="br.com.moonjava.flight.util.TesteDeParam" name="object_deve_ter_casting_de_String"/>
  <testcase time="0" classname="br.com.moonjava.flight.util.TesteDeParam" name="object_deve_ter_casting_de_boolean"/>
  <testcase time="0" classname="br.com.moonjava.flight.util.TesteDeParam" name="object_deve_ter_casting_de_date_time"/>
  <testcase time="0" classname="br.com.moonjava.flight.util.TesteDeParam" name="object_deve_ter_casting_de_double"/>
  <testcase time="0" classname="br.com.moonjava.flight.util.TesteDeParam" name="object_deve_ter_casting_de_integer"/>
  <testcase time="0.016" classname="br.com.moonjava.flight.util.TesteDeParam" name="object_deve_ter_casting_de_local_date"/>
  <testcase time="0" classname="br.com.moonjava.flight.util.TesteDeParam" name="object_deve_ter_casting_de_long"/>
</testsuite>