<?xml version="1.0" encoding="UTF-8"?>
<testng-results skipped="0" failed="0" total="31" passed="31">
  <reporter-output>
  </reporter-output>
  <suite name="Default suite" duration-ms="2303" started-at="2012-07-28T18:27:43Z" finished-at="2012-07-28T18:27:45Z">
    <groups>
    </groups>
    <test name="Default test" duration-ms="2303" started-at="2012-07-28T18:27:43Z" finished-at="2012-07-28T18:27:45Z">
      <class name="br.com.moonjava.flight.action.TesteDeControlarStatus">
        <test-method status="PASS" signature="limparTabela()[pri:0, instance:br.com.moonjava.flight.action.TesteDeControlarStatus@23610f1f]" name="limparTabela" is-config="true" duration-ms="70" started-at="2012-07-28T15:27:44Z" finished-at="2012-07-28T15:27:44Z">
          <reporter-output>
          </reporter-output>
        </test-method> <!-- limparTabela -->
        <test-method status="PASS" signature="status_deve_ser_atualizado()[pri:0, instance:br.com.moonjava.flight.action.TesteDeControlarStatus@23610f1f]" name="status_deve_ser_atualizado" duration-ms="30" started-at="2012-07-28T15:27:44Z" finished-at="2012-07-28T15:27:44Z">
          <reporter-output>
          </reporter-output>
        </test-method> <!-- status_deve_ser_atualizado -->
      </class> <!-- br.com.moonjava.flight.action.TesteDeControlarStatus -->
      <class name="br.com.moonjava.flight.action.TesteDeConsultarAeronave">
        <test-method status="PASS" signature="limpaTabela()[pri:0, instance:br.com.moonjava.flight.action.TesteDeConsultarAeronave@7def534e]" name="limpaTabela" is-config="true" duration-ms="60" started-at="2012-07-28T15:27:44Z" finished-at="2012-07-28T15:27:44Z">
          <reporter-output>
          </reporter-output>
        </test-method> <!-- limpaTabela -->
        <test-method status="PASS" signature="consultar_por_filtro_nome()[pri:0, instance:br.com.moonjava.flight.action.TesteDeConsultarAeronave@7def534e]" name="consultar_por_filtro_nome" duration-ms="0" started-at="2012-07-28T15:27:44Z" finished-at="2012-07-28T15:27:44Z">
          <reporter-output>
          </reporter-output>
        </test-method> <!-- consultar_por_filtro_nome -->
        <test-method status="PASS" signature="consultar_todas_aeronaves()[pri:0, instance:br.com.moonjava.flight.action.TesteDeConsultarAeronave@7def534e]" name="consultar_todas_aeronaves" duration-ms="0" started-at="2012-07-28T15:27:44Z" finished-at="2012-07-28T15:27:44Z">
          <reporter-output>
          </reporter-output>
        </test-method> <!-- consultar_todas_aeronaves -->
      </class> <!-- br.com.moonjava.flight.action.TesteDeConsultarAeronave -->
      <class name="br.com.moonjava.flight.util.TesteDeCPF">
        <test-method status="PASS" signature="cpf_deve_ser_convertido_em_numero()[pri:0, instance:br.com.moonjava.flight.util.TesteDeCPF@75bb613c]" name="cpf_deve_ser_convertido_em_numero" duration-ms="0" started-at="2012-07-28T15:27:45Z" finished-at="2012-07-28T15:27:45Z">
          <reporter-output>
          </reporter-output>
        </test-method> <!-- cpf_deve_ser_convertido_em_numero -->
        <test-method status="PASS" signature="excecao_de_cpf_invalido_deve_ser_lancada_com_long()[pri:0, instance:br.com.moonjava.flight.util.TesteDeCPF@75bb613c]" name="excecao_de_cpf_invalido_deve_ser_lancada_com_long" duration-ms="0" started-at="2012-07-28T15:27:45Z" finished-at="2012-07-28T15:27:45Z">
          <exception class="br.com.moonjava.flight.util.CPFInvalidException">
            <message>
              <![CDATA[O CPF 22222222223 é invalido]]>
            </message>
            <full-stacktrace>
              <![CDATA[br.com.moonjava.flight.util.CPFInvalidException: O CPF 22222222223 é invalido
	at br.com.moonjava.flight.util.CPF.valueOf(CPF.java:67)
	at br.com.moonjava.flight.util.TesteDeCPF.excecao_de_cpf_invalido_deve_ser_lancada_com_long(TesteDeCPF.java:50)
	at sun.reflect.NativeMethodAccessorImpl.invoke0(Native Method)
	at sun.reflect.NativeMethodAccessorImpl.invoke(Unknown Source)
	at sun.reflect.DelegatingMethodAccessorImpl.invoke(Unknown Source)
	at java.lang.reflect.Method.invoke(Unknown Source)
	at org.testng.internal.MethodInvocationHelper.invokeMethod(MethodInvocationHelper.java:80)
	at org.testng.internal.Invoker.invokeMethod(Invoker.java:715)
	at org.testng.internal.Invoker.invokeTestMethod(Invoker.java:907)
	at org.testng.internal.Invoker.invokeTestMethods(Invoker.java:1237)
	at org.testng.internal.TestMethodWorker.invokeTestMethods(TestMethodWorker.java:127)
	at org.testng.internal.TestMethodWorker.run(TestMethodWorker.java:111)
	at org.testng.TestRunner.privateRun(TestRunner.java:767)
	at org.testng.TestRunner.run(TestRunner.java:617)
	at org.testng.SuiteRunner.runTest(SuiteRunner.java:334)
	at org.testng.SuiteRunner.runSequentially(SuiteRunner.java:329)
	at org.testng.SuiteRunner.privateRun(SuiteRunner.java:291)
	at org.testng.SuiteRunner.run(SuiteRunner.java:240)
	at org.testng.SuiteRunnerWorker.runSuite(SuiteRunnerWorker.java:51)
	at org.testng.SuiteRunnerWorker.run(SuiteRunnerWorker.java:85)
	at org.testng.TestNG.runSuitesSequentially(TestNG.java:1197)
	at org.testng.TestNG.runSuitesLocally(TestNG.java:1122)
	at org.testng.TestNG.run(TestNG.java:1030)
	at org.testng.remote.RemoteTestNG.run(RemoteTestNG.java:111)
	at org.testng.remote.RemoteTestNG.initAndRun(RemoteTestNG.java:204)
	at org.testng.remote.RemoteTestNG.main(RemoteTestNG.java:175)
]]>
            </full-stacktrace>
          </exception> <!-- br.com.moonjava.flight.util.CPFInvalidException -->
          <reporter-output>
          </reporter-output>
        </test-method> <!-- excecao_de_cpf_invalido_deve_ser_lancada_com_long -->
        <test-method status="PASS" signature="cpf_deve_ser_valido()[pri:0, instance:br.com.moonjava.flight.util.TesteDeCPF@75bb613c]" name="cpf_deve_ser_valido" duration-ms="0" started-at="2012-07-28T15:27:45Z" finished-at="2012-07-28T15:27:45Z">
          <reporter-output>
          </reporter-output>
        </test-method> <!-- cpf_deve_ser_valido -->
        <test-method status="PASS" signature="excecao_de_cpf_invalido_deve_ser_lancada_com_12_digitos()[pri:0, instance:br.com.moonjava.flight.util.TesteDeCPF@75bb613c]" name="excecao_de_cpf_invalido_deve_ser_lancada_com_12_digitos" duration-ms="0" started-at="2012-07-28T15:27:45Z" finished-at="2012-07-28T15:27:45Z">
          <exception class="br.com.moonjava.flight.util.CPFInvalidException">
            <message>
              <![CDATA[O CPF 222222222233 é invalido]]>
            </message>
            <full-stacktrace>
              <![CDATA[br.com.moonjava.flight.util.CPFInvalidException: O CPF 222222222233 é invalido
	at br.com.moonjava.flight.util.CPF.valueOf(CPF.java:67)
	at br.com.moonjava.flight.util.CPF.parse(CPF.java:75)
	at br.com.moonjava.flight.util.TesteDeCPF.excecao_de_cpf_invalido_deve_ser_lancada_com_12_digitos(TesteDeCPF.java:62)
	at sun.reflect.NativeMethodAccessorImpl.invoke0(Native Method)
	at sun.reflect.NativeMethodAccessorImpl.invoke(Unknown Source)
	at sun.reflect.DelegatingMethodAccessorImpl.invoke(Unknown Source)
	at java.lang.reflect.Method.invoke(Unknown Source)
	at org.testng.internal.MethodInvocationHelper.invokeMethod(MethodInvocationHelper.java:80)
	at org.testng.internal.Invoker.invokeMethod(Invoker.java:715)
	at org.testng.internal.Invoker.invokeTestMethod(Invoker.java:907)
	at org.testng.internal.Invoker.invokeTestMethods(Invoker.java:1237)
	at org.testng.internal.TestMethodWorker.invokeTestMethods(TestMethodWorker.java:127)
	at org.testng.internal.TestMethodWorker.run(TestMethodWorker.java:111)
	at org.testng.TestRunner.privateRun(TestRunner.java:767)
	at org.testng.TestRunner.run(TestRunner.java:617)
	at org.testng.SuiteRunner.runTest(SuiteRunner.java:334)
	at org.testng.SuiteRunner.runSequentially(SuiteRunner.java:329)
	at org.testng.SuiteRunner.privateRun(SuiteRunner.java:291)
	at org.testng.SuiteRunner.run(SuiteRunner.java:240)
	at org.testng.SuiteRunnerWorker.runSuite(SuiteRunnerWorker.java:51)
	at org.testng.SuiteRunnerWorker.run(SuiteRunnerWorker.java:85)
	at org.testng.TestNG.runSuitesSequentially(TestNG.java:1197)
	at org.testng.TestNG.runSuitesLocally(TestNG.java:1122)
	at org.testng.TestNG.run(TestNG.java:1030)
	at org.testng.remote.RemoteTestNG.run(RemoteTestNG.java:111)
	at org.testng.remote.RemoteTestNG.initAndRun(RemoteTestNG.java:204)
	at org.testng.remote.RemoteTestNG.main(RemoteTestNG.java:175)
]]>
            </full-stacktrace>
          </exception> <!-- br.com.moonjava.flight.util.CPFInvalidException -->
          <reporter-output>
          </reporter-output>
        </test-method> <!-- excecao_de_cpf_invalido_deve_ser_lancada_com_12_digitos -->
        <test-method status="PASS" signature="excecao_de_cpf_invalido_deve_ser_lancada_com_string()[pri:0, instance:br.com.moonjava.flight.util.TesteDeCPF@75bb613c]" name="excecao_de_cpf_invalido_deve_ser_lancada_com_string" duration-ms="10" started-at="2012-07-28T15:27:45Z" finished-at="2012-07-28T15:27:45Z">
          <exception class="br.com.moonjava.flight.util.CPFInvalidException">
            <message>
              <![CDATA[O CPF 22222222223 é invalido]]>
            </message>
            <full-stacktrace>
              <![CDATA[br.com.moonjava.flight.util.CPFInvalidException: O CPF 22222222223 é invalido
	at br.com.moonjava.flight.util.CPF.valueOf(CPF.java:67)
	at br.com.moonjava.flight.util.CPF.parse(CPF.java:75)
	at br.com.moonjava.flight.util.TesteDeCPF.excecao_de_cpf_invalido_deve_ser_lancada_com_string(TesteDeCPF.java:56)
	at sun.reflect.NativeMethodAccessorImpl.invoke0(Native Method)
	at sun.reflect.NativeMethodAccessorImpl.invoke(Unknown Source)
	at sun.reflect.DelegatingMethodAccessorImpl.invoke(Unknown Source)
	at java.lang.reflect.Method.invoke(Unknown Source)
	at org.testng.internal.MethodInvocationHelper.invokeMethod(MethodInvocationHelper.java:80)
	at org.testng.internal.Invoker.invokeMethod(Invoker.java:715)
	at org.testng.internal.Invoker.invokeTestMethod(Invoker.java:907)
	at org.testng.internal.Invoker.invokeTestMethods(Invoker.java:1237)
	at org.testng.internal.TestMethodWorker.invokeTestMethods(TestMethodWorker.java:127)
	at org.testng.internal.TestMethodWorker.run(TestMethodWorker.java:111)
	at org.testng.TestRunner.privateRun(TestRunner.java:767)
	at org.testng.TestRunner.run(TestRunner.java:617)
	at org.testng.SuiteRunner.runTest(SuiteRunner.java:334)
	at org.testng.SuiteRunner.runSequentially(SuiteRunner.java:329)
	at org.testng.SuiteRunner.privateRun(SuiteRunner.java:291)
	at org.testng.SuiteRunner.run(SuiteRunner.java:240)
	at org.testng.SuiteRunnerWorker.runSuite(SuiteRunnerWorker.java:51)
	at org.testng.SuiteRunnerWorker.run(SuiteRunnerWorker.java:85)
	at org.testng.TestNG.runSuitesSequentially(TestNG.java:1197)
	at org.testng.TestNG.runSuitesLocally(TestNG.java:1122)
	at org.testng.TestNG.run(TestNG.java:1030)
	at org.testng.remote.RemoteTestNG.run(RemoteTestNG.java:111)
	at org.testng.remote.RemoteTestNG.initAndRun(RemoteTestNG.java:204)
	at org.testng.remote.RemoteTestNG.main(RemoteTestNG.java:175)
]]>
            </full-stacktrace>
          </exception> <!-- br.com.moonjava.flight.util.CPFInvalidException -->
          <reporter-output>
          </reporter-output>
        </test-method> <!-- excecao_de_cpf_invalido_deve_ser_lancada_com_string -->
      </class> <!-- br.com.moonjava.flight.util.TesteDeCPF -->
      <class name="br.com.moonjava.flight.action.TesteDeCriarAeronave">
        <test-method status="PASS" signature="beforeClass()[pri:0, instance:br.com.moonjava.flight.action.TesteDeCriarAeronave@61129920]" name="beforeClass" is-config="true" duration-ms="180" started-at="2012-07-28T15:27:44Z" finished-at="2012-07-28T15:27:44Z">
          <reporter-output>
          </reporter-output>
        </test-method> <!-- beforeClass -->
        <test-method status="PASS" signature="criar_aeronave()[pri:0, instance:br.com.moonjava.flight.action.TesteDeCriarAeronave@61129920]" name="criar_aeronave" duration-ms="390" started-at="2012-07-28T15:27:44Z" finished-at="2012-07-28T15:27:45Z">
          <reporter-output>
          </reporter-output>
        </test-method> <!-- criar_aeronave -->
      </class> <!-- br.com.moonjava.flight.action.TesteDeCriarAeronave -->
      <class name="br.com.moonjava.flight.jdbc.TesteDeDbUnit">
        <test-method status="PASS" signature="teste_de_insert_dbunit()[pri:0, instance:br.com.moonjava.flight.jdbc.TesteDeDbUnit@645d9aa2]" name="teste_de_insert_dbunit" duration-ms="100" started-at="2012-07-28T15:27:44Z" finished-at="2012-07-28T15:27:44Z">
          <reporter-output>
          </reporter-output>
        </test-method> <!-- teste_de_insert_dbunit -->
      </class> <!-- br.com.moonjava.flight.jdbc.TesteDeDbUnit -->
      <class name="br.com.moonjava.flight.action.TesteDeAtualizarVoo">
        <test-method status="PASS" signature="limparTabela()[pri:0, instance:br.com.moonjava.flight.action.TesteDeAtualizarVoo@3927ce5e]" name="limparTabela" is-config="true" duration-ms="81" started-at="2012-07-28T15:27:45Z" finished-at="2012-07-28T15:27:45Z">
          <reporter-output>
          </reporter-output>
        </test-method> <!-- limparTabela -->
        <test-method status="PASS" signature="voo_deve_ser_atualizado()[pri:0, instance:br.com.moonjava.flight.action.TesteDeAtualizarVoo@3927ce5e]" name="voo_deve_ser_atualizado" duration-ms="30" started-at="2012-07-28T15:27:45Z" finished-at="2012-07-28T15:27:45Z">
          <reporter-output>
          </reporter-output>
        </test-method> <!-- voo_deve_ser_atualizado -->
      </class> <!-- br.com.moonjava.flight.action.TesteDeAtualizarVoo -->
      <class name="br.com.moonjava.flight.action.TesteDeDeletarVoo">
        <test-method status="PASS" signature="limparTabela()[pri:0, instance:br.com.moonjava.flight.action.TesteDeDeletarVoo@21c6f48c]" name="limparTabela" is-config="true" duration-ms="581" started-at="2012-07-28T15:27:43Z" finished-at="2012-07-28T15:27:43Z">
          <reporter-output>
          </reporter-output>
        </test-method> <!-- limparTabela -->
        <test-method status="PASS" signature="voo_deve_ser_deletado_por_codigo()[pri:0, instance:br.com.moonjava.flight.action.TesteDeDeletarVoo@21c6f48c]" name="voo_deve_ser_deletado_por_codigo" duration-ms="170" started-at="2012-07-28T15:27:43Z" finished-at="2012-07-28T15:27:44Z">
          <reporter-output>
          </reporter-output>
        </test-method> <!-- voo_deve_ser_deletado_por_codigo -->
      </class> <!-- br.com.moonjava.flight.action.TesteDeDeletarVoo -->
      <class name="br.com.moonjava.flight.action.TesteDeDeletarAeronave">
        <test-method status="PASS" signature="beforeClass()[pri:0, instance:br.com.moonjava.flight.action.TesteDeDeletarAeronave@13f948e]" name="beforeClass" is-config="true" duration-ms="61" started-at="2012-07-28T15:27:44Z" finished-at="2012-07-28T15:27:44Z">
          <reporter-output>
          </reporter-output>
        </test-method> <!-- beforeClass -->
        <test-method status="PASS" signature="deletar()[pri:0, instance:br.com.moonjava.flight.action.TesteDeDeletarAeronave@13f948e]" name="deletar" duration-ms="70" started-at="2012-07-28T15:27:44Z" finished-at="2012-07-28T15:27:44Z">
          <reporter-output>
          </reporter-output>
        </test-method> <!-- deletar -->
      </class> <!-- br.com.moonjava.flight.action.TesteDeDeletarAeronave -->
      <class name="br.com.moonjava.flight.util.TesteDeParam">
        <test-method status="PASS" signature="object_deve_ter_casting_de_String()[pri:0, instance:br.com.moonjava.flight.util.TesteDeParam@7531f745]" name="object_deve_ter_casting_de_String" duration-ms="0" started-at="2012-07-28T15:27:44Z" finished-at="2012-07-28T15:27:44Z">
          <reporter-output>
          </reporter-output>
        </test-method> <!-- object_deve_ter_casting_de_String -->
        <test-method status="PASS" signature="object_deve_ter_casting_de_date_time()[pri:0, instance:br.com.moonjava.flight.util.TesteDeParam@7531f745]" name="object_deve_ter_casting_de_date_time" duration-ms="10" started-at="2012-07-28T15:27:44Z" finished-at="2012-07-28T15:27:44Z">
          <reporter-output>
          </reporter-output>
        </test-method> <!-- object_deve_ter_casting_de_date_time -->
        <test-method status="PASS" signature="object_deve_ter_casting_de_boolean()[pri:0, instance:br.com.moonjava.flight.util.TesteDeParam@7531f745]" name="object_deve_ter_casting_de_boolean" duration-ms="0" started-at="2012-07-28T15:27:44Z" finished-at="2012-07-28T15:27:44Z">
          <reporter-output>
          </reporter-output>
        </test-method> <!-- object_deve_ter_casting_de_boolean -->
        <test-method status="PASS" signature="object_deve_ter_casting_de_double()[pri:0, instance:br.com.moonjava.flight.util.TesteDeParam@7531f745]" name="object_deve_ter_casting_de_double" duration-ms="0" started-at="2012-07-28T15:27:44Z" finished-at="2012-07-28T15:27:44Z">
          <reporter-output>
          </reporter-output>
        </test-method> <!-- object_deve_ter_casting_de_double -->
        <test-method status="PASS" signature="object_deve_ter_casting_de_local_date()[pri:0, instance:br.com.moonjava.flight.util.TesteDeParam@7531f745]" name="object_deve_ter_casting_de_local_date" duration-ms="0" started-at="2012-07-28T15:27:44Z" finished-at="2012-07-28T15:27:44Z">
          <reporter-output>
          </reporter-output>
        </test-method> <!-- object_deve_ter_casting_de_local_date -->
        <test-method status="PASS" signature="object_deve_ter_casting_de_long()[pri:0, instance:br.com.moonjava.flight.util.TesteDeParam@7531f745]" name="object_deve_ter_casting_de_long" duration-ms="0" started-at="2012-07-28T15:27:44Z" finished-at="2012-07-28T15:27:44Z">
          <reporter-output>
          </reporter-output>
        </test-method> <!-- object_deve_ter_casting_de_long -->
        <test-method status="PASS" signature="object_deve_ter_casting_de_integer()[pri:0, instance:br.com.moonjava.flight.util.TesteDeParam@7531f745]" name="object_deve_ter_casting_de_integer" duration-ms="0" started-at="2012-07-28T15:27:44Z" finished-at="2012-07-28T15:27:44Z">
          <reporter-output>
          </reporter-output>
        </test-method> <!-- object_deve_ter_casting_de_integer -->
      </class> <!-- br.com.moonjava.flight.util.TesteDeParam -->
      <class name="br.com.moonjava.flight.jdbc.TesteDeConexao">
        <test-method status="PASS" signature="conexao_com_o_bd_deve_funcionar()[pri:0, instance:br.com.moonjava.flight.jdbc.TesteDeConexao@3d533528]" name="conexao_com_o_bd_deve_funcionar" duration-ms="10" started-at="2012-07-28T15:27:45Z" finished-at="2012-07-28T15:27:45Z">
          <reporter-output>
          </reporter-output>
        </test-method> <!-- conexao_com_o_bd_deve_funcionar -->
      </class> <!-- br.com.moonjava.flight.jdbc.TesteDeConexao -->
      <class name="br.com.moonjava.flight.action.TesteDeAtualizarAeronave">
        <test-method status="PASS" signature="limpaTabela()[pri:0, instance:br.com.moonjava.flight.action.TesteDeAtualizarAeronave@60ece686]" name="limpaTabela" is-config="true" duration-ms="50" started-at="2012-07-28T15:27:44Z" finished-at="2012-07-28T15:27:44Z">
          <reporter-output>
          </reporter-output>
        </test-method> <!-- limpaTabela -->
        <test-method status="PASS" signature="atualizar_aeronave()[pri:0, instance:br.com.moonjava.flight.action.TesteDeAtualizarAeronave@60ece686]" name="atualizar_aeronave" duration-ms="40" started-at="2012-07-28T15:27:44Z" finished-at="2012-07-28T15:27:44Z">
          <reporter-output>
          </reporter-output>
        </test-method> <!-- atualizar_aeronave -->
      </class> <!-- br.com.moonjava.flight.action.TesteDeAtualizarAeronave -->
      <class name="br.com.moonjava.flight.action.TesteDeConsultarVoo">
        <test-method status="PASS" signature="limparTabela()[pri:0, instance:br.com.moonjava.flight.action.TesteDeConsultarVoo@ce124a7]" name="limparTabela" is-config="true" duration-ms="50" started-at="2012-07-28T15:27:44Z" finished-at="2012-07-28T15:27:44Z">
          <reporter-output>
          </reporter-output>
        </test-method> <!-- limparTabela -->
        <test-method status="PASS" signature="buscar_por_todos_voos_disponiveis()[pri:0, instance:br.com.moonjava.flight.action.TesteDeConsultarVoo@ce124a7]" name="buscar_por_todos_voos_disponiveis" duration-ms="10" started-at="2012-07-28T15:27:44Z" finished-at="2012-07-28T15:27:44Z">
          <reporter-output>
          </reporter-output>
        </test-method> <!-- buscar_por_todos_voos_disponiveis -->
        <test-method status="PASS" signature="consulta_por_codigo()[pri:0, instance:br.com.moonjava.flight.action.TesteDeConsultarVoo@ce124a7]" name="consulta_por_codigo" duration-ms="10" started-at="2012-07-28T15:27:44Z" finished-at="2012-07-28T15:27:44Z">
          <reporter-output>
          </reporter-output>
        </test-method> <!-- consulta_por_codigo -->
        <test-method status="PASS" signature="consultar_por_id_aeronave()[pri:0, instance:br.com.moonjava.flight.action.TesteDeConsultarVoo@ce124a7]" name="consultar_por_id_aeronave" duration-ms="10" started-at="2012-07-28T15:27:44Z" finished-at="2012-07-28T15:27:44Z">
          <reporter-output>
          </reporter-output>
        </test-method> <!-- consultar_por_id_aeronave -->
        <test-method status="PASS" signature="filtro_por_destino()[pri:0, instance:br.com.moonjava.flight.action.TesteDeConsultarVoo@ce124a7]" name="filtro_por_destino" duration-ms="20" started-at="2012-07-28T15:27:44Z" finished-at="2012-07-28T15:27:44Z">
          <reporter-output>
          </reporter-output>
        </test-method> <!-- filtro_por_destino -->
        <test-method status="PASS" signature="filtro_por_origem()[pri:0, instance:br.com.moonjava.flight.action.TesteDeConsultarVoo@ce124a7]" name="filtro_por_origem" duration-ms="10" started-at="2012-07-28T15:27:44Z" finished-at="2012-07-28T15:27:44Z">
          <reporter-output>
          </reporter-output>
        </test-method> <!-- filtro_por_origem -->
        <test-method status="PASS" signature="filtro_por_status_e_data_de_chegada()[pri:0, instance:br.com.moonjava.flight.action.TesteDeConsultarVoo@ce124a7]" name="filtro_por_status_e_data_de_chegada" duration-ms="10" started-at="2012-07-28T15:27:44Z" finished-at="2012-07-28T15:27:44Z">
          <reporter-output>
          </reporter-output>
        </test-method> <!-- filtro_por_status_e_data_de_chegada -->
        <test-method status="PASS" signature="filtro_por_status_e_data_de_partida()[pri:0, instance:br.com.moonjava.flight.action.TesteDeConsultarVoo@ce124a7]" name="filtro_por_status_e_data_de_partida" duration-ms="10" started-at="2012-07-28T15:27:44Z" finished-at="2012-07-28T15:27:44Z">
          <reporter-output>
          </reporter-output>
        </test-method> <!-- filtro_por_status_e_data_de_partida -->
        <test-method status="PASS" signature="filtro_por_status_indisponivel()[pri:0, instance:br.com.moonjava.flight.action.TesteDeConsultarVoo@ce124a7]" name="filtro_por_status_indisponivel" duration-ms="10" started-at="2012-07-28T15:27:44Z" finished-at="2012-07-28T15:27:44Z">
          <reporter-output>
          </reporter-output>
        </test-method> <!-- filtro_por_status_indisponivel -->
      </class> <!-- br.com.moonjava.flight.action.TesteDeConsultarVoo -->
      <class name="br.com.moonjava.flight.action.TesteDeCriarVoo">
        <test-method status="PASS" signature="limparTabela()[pri:0, instance:br.com.moonjava.flight.action.TesteDeCriarVoo@40fc801f]" name="limparTabela" is-config="true" duration-ms="100" started-at="2012-07-28T15:27:45Z" finished-at="2012-07-28T15:27:45Z">
          <reporter-output>
          </reporter-output>
        </test-method> <!-- limparTabela -->
        <test-method status="PASS" signature="voo_deve_ser_criado()[pri:0, instance:br.com.moonjava.flight.action.TesteDeCriarVoo@40fc801f]" name="voo_deve_ser_criado" duration-ms="60" started-at="2012-07-28T15:27:45Z" finished-at="2012-07-28T15:27:45Z">
          <reporter-output>
          </reporter-output>
        </test-method> <!-- voo_deve_ser_criado -->
      </class> <!-- br.com.moonjava.flight.action.TesteDeCriarVoo -->
    </test> <!-- Default test -->
  </suite> <!-- Default suite -->
</testng-results>
